
🦁 MASS HUNTER v34.0 - Scanning 10 targets...

┌────────────────────────┬───────┬───────┬────────┐
│ Domain                 │ Score │ Grade │ TTFB   │
├────────────────────────┼───────┼───────┼────────┤
│ gtmhub.com             │   0/100│ ⚫ TMO │ 8000ms │
│ officerentinfo.bg      │   0/100│ ⚫ TMO │ 8000ms │
│ ozone.bg               │  16/100│ 🔴 F  │  180ms │
│ chaos.com              │  16/100│ 🔴 F  │  283ms │
│ kanbanize.com          │  16/100│ 🔴 F  │  486ms │
│ telerik.com            │  28/100│ 🔴 F  │  241ms │
│ superhosting.bg        │  28/100│ 🔴 F  │  170ms │
│ siteground.com         │  64/100│ 🟡 C  │  525ms │
│ jobs.bg                │  64/100│ 🟡 C  │  395ms │
│ payhawk.com            │  76/100│ 🟢 B  │ 1012ms │
└────────────────────────┴───────┴───────┴────────┘

🔥 HOT LEADS (Grade F/D):
   ozone.bg - Score 16/100
   Missing: strict-transport-security, content-security-policy, x-frame-options
   chaos.com - Score 16/100
   Missing: strict-transport-security, content-security-policy, x-frame-options
   kanbanize.com - Score 16/100
   Missing: strict-transport-security, content-security-policy, x-frame-options
   telerik.com - Score 28/100
   Missing: content-security-policy, x-frame-options, x-content-type-options
   superhosting.bg - Score 28/100
   Missing: content-security-policy, x-frame-options, x-content-type-options

💰 Potential Pipeline: €75,000
