
🦁 MASS HUNTER v34.0 - Scanning 10 targets...

┌────────────────────────┬───────┬───────┬────────┐
│ Domain                 │ Score │ Grade │ TTFB   │
├────────────────────────┼───────┼───────┼────────┤
│ officerentinfo.bg      │   0/100│ ⚫ TMO │ 8000ms │
│ ozone.bg               │  16/100│ 🔴 F  │  190ms │
│ chaos.com              │  16/100│ 🔴 F  │  283ms │
│ gtmhub.com             │  16/100│ 🔴 F  │  249ms │
│ kanbanize.com          │  16/100│ 🔴 F  │  430ms │
│ telerik.com            │  28/100│ 🔴 F  │  237ms │
│ superhosting.bg        │  28/100│ 🔴 F  │  148ms │
│ siteground.com         │  64/100│ 🟡 C  │  517ms │
│ jobs.bg                │  64/100│ 🟡 C  │  318ms │
│ payhawk.com            │  76/100│ 🟢 B  │  402ms │
└────────────────────────┴───────┴───────┴────────┘

🔥 HOT LEADS (Grade F/D):
   ozone.bg - Score 16/100
   Missing: strict-transport-security, content-security-policy, x-frame-options
   chaos.com - Score 16/100
   Missing: strict-transport-security, content-security-policy, x-frame-options
   gtmhub.com - Score 16/100
   Missing: strict-transport-security, content-security-policy, x-frame-options
   kanbanize.com - Score 16/100
   Missing: strict-transport-security, content-security-policy, x-frame-options
   telerik.com - Score 28/100
   Missing: content-security-policy, x-frame-options, x-content-type-options
   superhosting.bg - Score 28/100
   Missing: content-security-policy, x-frame-options, x-content-type-options

💰 Potential Pipeline: €90,000
