
🦁 MASS HUNTER v34.0 - Scanning 10 targets...

┌────────────────────────┬───────┬───────┬────────┐
│ Domain                 │ Score │ Grade │ TTFB   │
├────────────────────────┼───────┼───────┼────────┤
│ siteground.com         │   0/100│ ⚫ TMO │ 8000ms │
│ officerentinfo.bg      │   0/100│ ⚫ TMO │ 8000ms │
│ ozone.bg               │  16/100│ 🔴 F  │  202ms │
│ chaos.com              │  16/100│ 🔴 F  │  300ms │
│ gtmhub.com             │  16/100│ 🔴 F  │  381ms │
│ kanbanize.com          │  16/100│ 🔴 F  │  557ms │
│ telerik.com            │  28/100│ 🔴 F  │  244ms │
│ superhosting.bg        │  28/100│ 🔴 F  │  205ms │
│ jobs.bg                │  64/100│ 🟡 C  │  550ms │
│ payhawk.com            │  76/100│ 🟢 B  │  557ms │
└────────────────────────┴───────┴───────┴────────┘

🔥 HOT LEADS (Grade F/D):
   ozone.bg - Score 16/100
   Missing: strict-transport-security, content-security-policy, x-frame-options
   chaos.com - Score 16/100
   Missing: strict-transport-security, content-security-policy, x-frame-options
   gtmhub.com - Score 16/100
   Missing: strict-transport-security, content-security-policy, x-frame-options
   kanbanize.com - Score 16/100
   Missing: strict-transport-security, content-security-policy, x-frame-options
   telerik.com - Score 28/100
   Missing: content-security-policy, x-frame-options, x-content-type-options
   superhosting.bg - Score 28/100
   Missing: content-security-policy, x-frame-options, x-content-type-options

💰 Potential Pipeline: €90,000
