
🦁 MASS HUNTER v34.0 - Scanning 10 targets...

┌────────────────────────┬───────┬───────┬────────┐
│ Domain                 │ Score │ Grade │ TTFB   │
├────────────────────────┼───────┼───────┼────────┤
│ kanbanize.com          │   0/100│ ⚫ TMO │ 8000ms │
│ officerentinfo.bg      │   0/100│ ⚫ TMO │ 8000ms │
│ ozone.bg               │  16/100│ 🔴 F  │  195ms │
│ chaos.com              │  16/100│ 🔴 F  │  320ms │
│ gtmhub.com             │  16/100│ 🔴 F  │  333ms │
│ telerik.com            │  28/100│ 🔴 F  │  306ms │
│ superhosting.bg        │  28/100│ 🔴 F  │  189ms │
│ siteground.com         │  64/100│ 🟡 C  │  537ms │
│ jobs.bg                │  64/100│ 🟡 C  │  464ms │
│ payhawk.com            │  76/100│ 🟢 B  │  423ms │
└────────────────────────┴───────┴───────┴────────┘

🔥 HOT LEADS (Grade F/D):
   ozone.bg - Score 16/100
   Missing: strict-transport-security, content-security-policy, x-frame-options
   chaos.com - Score 16/100
   Missing: strict-transport-security, content-security-policy, x-frame-options
   gtmhub.com - Score 16/100
   Missing: strict-transport-security, content-security-policy, x-frame-options
   telerik.com - Score 28/100
   Missing: content-security-policy, x-frame-options, x-content-type-options
   superhosting.bg - Score 28/100
   Missing: content-security-policy, x-frame-options, x-content-type-options

💰 Potential Pipeline: €75,000
