
🦁 MASS HUNTER v34.0 - Scanning 10 targets...

┌────────────────────────┬───────┬───────┬────────┐
│ Domain                 │ Score │ Grade │ TTFB   │
├────────────────────────┼───────┼───────┼────────┤
│ ozone.bg               │   0/100│ ⚫ TMO │ 8000ms │
│ payhawk.com            │   0/100│ ⚫ TMO │ 8000ms │
│ officerentinfo.bg      │   0/100│ ⚫ TMO │ 8000ms │
│ jobs.bg                │   0/100│ ⚫ TMO │ 8000ms │
│ chaos.com              │  16/100│ 🔴 F  │  308ms │
│ gtmhub.com             │  16/100│ 🔴 F  │  359ms │
│ kanbanize.com          │  16/100│ 🔴 F  │  581ms │
│ telerik.com            │  28/100│ 🔴 F  │  272ms │
│ superhosting.bg        │  28/100│ 🔴 F  │  235ms │
│ siteground.com         │  64/100│ 🟡 C  │  618ms │
└────────────────────────┴───────┴───────┴────────┘

🔥 HOT LEADS (Grade F/D):
   chaos.com - Score 16/100
   Missing: strict-transport-security, content-security-policy, x-frame-options
   gtmhub.com - Score 16/100
   Missing: strict-transport-security, content-security-policy, x-frame-options
   kanbanize.com - Score 16/100
   Missing: strict-transport-security, content-security-policy, x-frame-options
   telerik.com - Score 28/100
   Missing: content-security-policy, x-frame-options, x-content-type-options
   superhosting.bg - Score 28/100
   Missing: content-security-policy, x-frame-options, x-content-type-options

💰 Potential Pipeline: €75,000
