
🦁 MASS HUNTER v34.0 - Scanning 10 targets...

┌────────────────────────┬───────┬───────┬────────┐
│ Domain                 │ Score │ Grade │ TTFB   │
├────────────────────────┼───────┼───────┼────────┤
│ officerentinfo.bg      │   0/100│ ⚫ TMO │ 8000ms │
│ ozone.bg               │  16/100│ 🔴 F  │  181ms │
│ chaos.com              │  16/100│ 🔴 F  │  294ms │
│ gtmhub.com             │  16/100│ 🔴 F  │  286ms │
│ kanbanize.com          │  16/100│ 🔴 F  │  458ms │
│ telerik.com            │  28/100│ 🔴 F  │  178ms │
│ superhosting.bg        │  28/100│ 🔴 F  │  170ms │
│ siteground.com         │  64/100│ 🟡 C  │  522ms │
│ jobs.bg                │  64/100│ 🟡 C  │  328ms │
│ payhawk.com            │  76/100│ 🟢 B  │  401ms │
└────────────────────────┴───────┴───────┴────────┘

🔥 HOT LEADS (Grade F/D):
   ozone.bg - Score 16/100
   Missing: strict-transport-security, content-security-policy, x-frame-options
   chaos.com - Score 16/100
   Missing: strict-transport-security, content-security-policy, x-frame-options
   gtmhub.com - Score 16/100
   Missing: strict-transport-security, content-security-policy, x-frame-options
   kanbanize.com - Score 16/100
   Missing: strict-transport-security, content-security-policy, x-frame-options
   telerik.com - Score 28/100
   Missing: content-security-policy, x-frame-options, x-content-type-options
   superhosting.bg - Score 28/100
   Missing: content-security-policy, x-frame-options, x-content-type-options

💰 Potential Pipeline: €90,000
